[02-Feb-2024 14:27:26 UTC] PHP Warning:  Undefined array key "url" in /Users/user/Local Sites/ctrltech/app/public/wp-content/plugins/elementor/includes/template-library/classes/class-import-images.php on line 199
[02-Feb-2024 14:38:29 UTC] PHP Warning:  Undefined array key "id" in /Users/user/Local Sites/ctrltech/app/public/wp-content/plugins/elementor/includes/managers/image.php on line 41
[02-Feb-2024 14:38:29 UTC] PHP Warning:  Undefined array key "id" in /Users/user/Local Sites/ctrltech/app/public/wp-content/plugins/elementor/includes/managers/image.php on line 41
[02-Feb-2024 14:38:29 UTC] PHP Warning:  Trying to access array offset on value of type bool in /Users/user/Local Sites/ctrltech/app/public/wp-content/plugins/elementor/includes/managers/image.php on line 113
[02-Feb-2024 14:38:29 UTC] PHP Warning:  Trying to access array offset on value of type bool in /Users/user/Local Sites/ctrltech/app/public/wp-content/plugins/elementor/includes/managers/image.php on line 113
[02-Feb-2024 14:38:29 UTC] PHP Warning:  Trying to access array offset on value of type bool in /Users/user/Local Sites/ctrltech/app/public/wp-content/plugins/elementor/includes/managers/image.php on line 113
[02-Feb-2024 14:38:29 UTC] PHP Warning:  Trying to access array offset on value of type bool in /Users/user/Local Sites/ctrltech/app/public/wp-content/plugins/elementor/includes/managers/image.php on line 113
[02-Feb-2024 14:38:29 UTC] PHP Warning:  Trying to access array offset on value of type bool in /Users/user/Local Sites/ctrltech/app/public/wp-content/plugins/elementor/includes/managers/image.php on line 113
[02-Feb-2024 14:38:29 UTC] PHP Warning:  Trying to access array offset on value of type bool in /Users/user/Local Sites/ctrltech/app/public/wp-content/plugins/elementor/includes/managers/image.php on line 113
[02-Feb-2024 14:38:29 UTC] PHP Warning:  Trying to access array offset on value of type bool in /Users/user/Local Sites/ctrltech/app/public/wp-content/plugins/elementor/includes/managers/image.php on line 113
[02-Feb-2024 14:38:29 UTC] PHP Warning:  Trying to access array offset on value of type bool in /Users/user/Local Sites/ctrltech/app/public/wp-content/plugins/elementor/includes/managers/image.php on line 113
[02-Feb-2024 17:01:34 UTC] PHP Warning:  Attempt to read property "title" on null in /Users/user/Local Sites/ctrltech/app/public/wp-includes/class-wp-customize-widgets.php on line 905
[02-Feb-2024 17:07:30 UTC] PHP Warning:  Attempt to read property "title" on null in /Users/user/Local Sites/ctrltech/app/public/wp-includes/class-wp-customize-widgets.php on line 905
[02-Feb-2024 17:19:43 UTC] PHP Warning:  Trying to access array offset on value of type bool in /Users/user/Local Sites/ctrltech/app/public/wp-admin/includes/ajax-actions.php on line 4659
[02-Feb-2024 17:28:45 UTC] PHP Warning:  Undefined array key "id" in /Users/user/Local Sites/ctrltech/app/public/wp-content/plugins/elementor/includes/managers/image.php on line 41
[02-Feb-2024 17:28:45 UTC] PHP Warning:  Undefined array key "id" in /Users/user/Local Sites/ctrltech/app/public/wp-content/plugins/elementor/includes/managers/image.php on line 41
[02-Feb-2024 17:28:45 UTC] PHP Warning:  Trying to access array offset on value of type bool in /Users/user/Local Sites/ctrltech/app/public/wp-content/plugins/elementor/includes/managers/image.php on line 113
[02-Feb-2024 17:28:45 UTC] PHP Warning:  Trying to access array offset on value of type bool in /Users/user/Local Sites/ctrltech/app/public/wp-content/plugins/elementor/includes/managers/image.php on line 113
[02-Feb-2024 17:28:45 UTC] PHP Warning:  Trying to access array offset on value of type bool in /Users/user/Local Sites/ctrltech/app/public/wp-content/plugins/elementor/includes/managers/image.php on line 113
[02-Feb-2024 17:28:45 UTC] PHP Warning:  Trying to access array offset on value of type bool in /Users/user/Local Sites/ctrltech/app/public/wp-content/plugins/elementor/includes/managers/image.php on line 113
[02-Feb-2024 17:28:45 UTC] PHP Warning:  Trying to access array offset on value of type bool in /Users/user/Local Sites/ctrltech/app/public/wp-content/plugins/elementor/includes/managers/image.php on line 113
[02-Feb-2024 17:28:45 UTC] PHP Warning:  Trying to access array offset on value of type bool in /Users/user/Local Sites/ctrltech/app/public/wp-content/plugins/elementor/includes/managers/image.php on line 113
[02-Feb-2024 17:28:45 UTC] PHP Warning:  Trying to access array offset on value of type bool in /Users/user/Local Sites/ctrltech/app/public/wp-content/plugins/elementor/includes/managers/image.php on line 113
[02-Feb-2024 17:28:45 UTC] PHP Warning:  Trying to access array offset on value of type bool in /Users/user/Local Sites/ctrltech/app/public/wp-content/plugins/elementor/includes/managers/image.php on line 113
[02-Feb-2024 17:46:08 UTC] PHP Warning:  Undefined array key "id" in /Users/user/Local Sites/ctrltech/app/public/wp-content/plugins/elementor/includes/managers/image.php on line 41
[02-Feb-2024 17:46:08 UTC] PHP Warning:  Undefined array key "id" in /Users/user/Local Sites/ctrltech/app/public/wp-content/plugins/elementor/includes/managers/image.php on line 41
[02-Feb-2024 17:46:08 UTC] PHP Warning:  Trying to access array offset on value of type bool in /Users/user/Local Sites/ctrltech/app/public/wp-content/plugins/elementor/includes/managers/image.php on line 113
[02-Feb-2024 17:46:08 UTC] PHP Warning:  Trying to access array offset on value of type bool in /Users/user/Local Sites/ctrltech/app/public/wp-content/plugins/elementor/includes/managers/image.php on line 113
[02-Feb-2024 17:46:08 UTC] PHP Warning:  Trying to access array offset on value of type bool in /Users/user/Local Sites/ctrltech/app/public/wp-content/plugins/elementor/includes/managers/image.php on line 113
[02-Feb-2024 17:46:08 UTC] PHP Warning:  Trying to access array offset on value of type bool in /Users/user/Local Sites/ctrltech/app/public/wp-content/plugins/elementor/includes/managers/image.php on line 113
[02-Feb-2024 17:46:08 UTC] PHP Warning:  Trying to access array offset on value of type bool in /Users/user/Local Sites/ctrltech/app/public/wp-content/plugins/elementor/includes/managers/image.php on line 113
[02-Feb-2024 17:46:08 UTC] PHP Warning:  Trying to access array offset on value of type bool in /Users/user/Local Sites/ctrltech/app/public/wp-content/plugins/elementor/includes/managers/image.php on line 113
[02-Feb-2024 17:46:08 UTC] PHP Warning:  Trying to access array offset on value of type bool in /Users/user/Local Sites/ctrltech/app/public/wp-content/plugins/elementor/includes/managers/image.php on line 113
[02-Feb-2024 17:46:08 UTC] PHP Warning:  Trying to access array offset on value of type bool in /Users/user/Local Sites/ctrltech/app/public/wp-content/plugins/elementor/includes/managers/image.php on line 113
[02-Feb-2024 18:18:19 UTC] PHP Warning:  Undefined array key "id" in /Users/user/Local Sites/ctrltech/app/public/wp-content/plugins/elementor/includes/managers/image.php on line 41
[02-Feb-2024 18:18:19 UTC] PHP Warning:  Undefined array key "id" in /Users/user/Local Sites/ctrltech/app/public/wp-content/plugins/elementor/includes/managers/image.php on line 41
[02-Feb-2024 18:18:19 UTC] PHP Warning:  Trying to access array offset on value of type bool in /Users/user/Local Sites/ctrltech/app/public/wp-content/plugins/elementor/includes/managers/image.php on line 113
[02-Feb-2024 18:18:19 UTC] PHP Warning:  Trying to access array offset on value of type bool in /Users/user/Local Sites/ctrltech/app/public/wp-content/plugins/elementor/includes/managers/image.php on line 113
[02-Feb-2024 18:18:19 UTC] PHP Warning:  Trying to access array offset on value of type bool in /Users/user/Local Sites/ctrltech/app/public/wp-content/plugins/elementor/includes/managers/image.php on line 113
[02-Feb-2024 18:18:19 UTC] PHP Warning:  Trying to access array offset on value of type bool in /Users/user/Local Sites/ctrltech/app/public/wp-content/plugins/elementor/includes/managers/image.php on line 113
[02-Feb-2024 18:18:19 UTC] PHP Warning:  Trying to access array offset on value of type bool in /Users/user/Local Sites/ctrltech/app/public/wp-content/plugins/elementor/includes/managers/image.php on line 113
[02-Feb-2024 18:18:19 UTC] PHP Warning:  Trying to access array offset on value of type bool in /Users/user/Local Sites/ctrltech/app/public/wp-content/plugins/elementor/includes/managers/image.php on line 113
[02-Feb-2024 18:18:19 UTC] PHP Warning:  Trying to access array offset on value of type bool in /Users/user/Local Sites/ctrltech/app/public/wp-content/plugins/elementor/includes/managers/image.php on line 113
[02-Feb-2024 18:18:19 UTC] PHP Warning:  Trying to access array offset on value of type bool in /Users/user/Local Sites/ctrltech/app/public/wp-content/plugins/elementor/includes/managers/image.php on line 113
[02-Feb-2024 18:18:19 UTC] PHP Warning:  Undefined array key "id" in /Users/user/Local Sites/ctrltech/app/public/wp-content/plugins/elementor/includes/managers/image.php on line 41
[02-Feb-2024 18:18:19 UTC] PHP Warning:  Undefined array key "id" in /Users/user/Local Sites/ctrltech/app/public/wp-content/plugins/elementor/includes/managers/image.php on line 41
[02-Feb-2024 18:18:19 UTC] PHP Warning:  Trying to access array offset on value of type bool in /Users/user/Local Sites/ctrltech/app/public/wp-content/plugins/elementor/includes/managers/image.php on line 113
[02-Feb-2024 18:18:19 UTC] PHP Warning:  Trying to access array offset on value of type bool in /Users/user/Local Sites/ctrltech/app/public/wp-content/plugins/elementor/includes/managers/image.php on line 113
[02-Feb-2024 18:18:19 UTC] PHP Warning:  Trying to access array offset on value of type bool in /Users/user/Local Sites/ctrltech/app/public/wp-content/plugins/elementor/includes/managers/image.php on line 113
[02-Feb-2024 18:18:19 UTC] PHP Warning:  Trying to access array offset on value of type bool in /Users/user/Local Sites/ctrltech/app/public/wp-content/plugins/elementor/includes/managers/image.php on line 113
[02-Feb-2024 18:18:19 UTC] PHP Warning:  Trying to access array offset on value of type bool in /Users/user/Local Sites/ctrltech/app/public/wp-content/plugins/elementor/includes/managers/image.php on line 113
[02-Feb-2024 18:18:19 UTC] PHP Warning:  Trying to access array offset on value of type bool in /Users/user/Local Sites/ctrltech/app/public/wp-content/plugins/elementor/includes/managers/image.php on line 113
[02-Feb-2024 18:18:19 UTC] PHP Warning:  Trying to access array offset on value of type bool in /Users/user/Local Sites/ctrltech/app/public/wp-content/plugins/elementor/includes/managers/image.php on line 113
[02-Feb-2024 18:18:19 UTC] PHP Warning:  Trying to access array offset on value of type bool in /Users/user/Local Sites/ctrltech/app/public/wp-content/plugins/elementor/includes/managers/image.php on line 113
[02-Feb-2024 18:18:44 UTC] PHP Warning:  Undefined array key "id" in /Users/user/Local Sites/ctrltech/app/public/wp-content/plugins/elementor/includes/managers/image.php on line 41
[02-Feb-2024 18:18:44 UTC] PHP Warning:  Undefined array key "id" in /Users/user/Local Sites/ctrltech/app/public/wp-content/plugins/elementor/includes/managers/image.php on line 41
[02-Feb-2024 18:18:44 UTC] PHP Warning:  Trying to access array offset on value of type bool in /Users/user/Local Sites/ctrltech/app/public/wp-content/plugins/elementor/includes/managers/image.php on line 113
[02-Feb-2024 18:18:44 UTC] PHP Warning:  Trying to access array offset on value of type bool in /Users/user/Local Sites/ctrltech/app/public/wp-content/plugins/elementor/includes/managers/image.php on line 113
[02-Feb-2024 18:18:44 UTC] PHP Warning:  Trying to access array offset on value of type bool in /Users/user/Local Sites/ctrltech/app/public/wp-content/plugins/elementor/includes/managers/image.php on line 113
[02-Feb-2024 18:18:44 UTC] PHP Warning:  Trying to access array offset on value of type bool in /Users/user/Local Sites/ctrltech/app/public/wp-content/plugins/elementor/includes/managers/image.php on line 113
[02-Feb-2024 18:18:44 UTC] PHP Warning:  Trying to access array offset on value of type bool in /Users/user/Local Sites/ctrltech/app/public/wp-content/plugins/elementor/includes/managers/image.php on line 113
[02-Feb-2024 18:18:44 UTC] PHP Warning:  Trying to access array offset on value of type bool in /Users/user/Local Sites/ctrltech/app/public/wp-content/plugins/elementor/includes/managers/image.php on line 113
[02-Feb-2024 18:18:44 UTC] PHP Warning:  Trying to access array offset on value of type bool in /Users/user/Local Sites/ctrltech/app/public/wp-content/plugins/elementor/includes/managers/image.php on line 113
[02-Feb-2024 18:18:44 UTC] PHP Warning:  Trying to access array offset on value of type bool in /Users/user/Local Sites/ctrltech/app/public/wp-content/plugins/elementor/includes/managers/image.php on line 113
[02-Feb-2024 20:43:20 UTC] [Image Optimizer]: error in ImageOptimizer\Modules\Optimization\Components\Upload_Optimization->optimize_image_on_upload(): Optimization error. Reason: Unsupported mime type `application/octet-stream`
[03-Feb-2024 17:13:42 UTC] PHP Warning:  An unexpected error occurred. Something may be wrong with WordPress.org or this server&#8217;s configuration. If you continue to have problems, please try the <a href="https://wordpress.org/support/forums/">support forums</a>. (WordPress could not establish a secure connection to WordPress.org. Please contact your server administrator.) in /Users/user/Local Sites/ctrltech/app/public/wp-includes/update.php on line 211
[03-Feb-2024 17:13:42 UTC] PHP Warning:  An unexpected error occurred. Something may be wrong with WordPress.org or this server&#8217;s configuration. If you continue to have problems, please try the <a href="https://wordpress.org/support/forums/">support forums</a>. (WordPress could not establish a secure connection to WordPress.org. Please contact your server administrator.) in /Users/user/Local Sites/ctrltech/app/public/wp-includes/update.php on line 449
[03-Feb-2024 17:13:42 UTC] PHP Warning:  An unexpected error occurred. Something may be wrong with WordPress.org or this server&#8217;s configuration. If you continue to have problems, please try the <a href="https://wordpress.org/support/forums/">support forums</a>. (WordPress could not establish a secure connection to WordPress.org. Please contact your server administrator.) in /Users/user/Local Sites/ctrltech/app/public/wp-includes/update.php on line 730
[03-Feb-2024 17:13:42 UTC] PHP Warning:  An unexpected error occurred. Something may be wrong with WordPress.org or this server&#8217;s configuration. If you continue to have problems, please try the <a href="https://wordpress.org/support/forums/">support forums</a>. (WordPress could not establish a secure connection to WordPress.org. Please contact your server administrator.) in /Users/user/Local Sites/ctrltech/app/public/wp-admin/includes/update.php on line 154
[07-Feb-2024 14:41:11 UTC] PHP Warning:  An unexpected error occurred. Something may be wrong with WordPress.org or this server&#8217;s configuration. If you continue to have problems, please try the <a href="https://wordpress.org/support/forums/">support forums</a>. (WordPress could not establish a secure connection to WordPress.org. Please contact your server administrator.) in /Users/user/Local Sites/ctrltech/app/public/wp-includes/update.php on line 211
[07-Feb-2024 14:41:11 UTC] PHP Warning:  An unexpected error occurred. Something may be wrong with WordPress.org or this server&#8217;s configuration. If you continue to have problems, please try the <a href="https://wordpress.org/support/forums/">support forums</a>. (WordPress could not establish a secure connection to WordPress.org. Please contact your server administrator.) in /Users/user/Local Sites/ctrltech/app/public/wp-includes/update.php on line 449
[07-Feb-2024 14:41:11 UTC] PHP Warning:  An unexpected error occurred. Something may be wrong with WordPress.org or this server&#8217;s configuration. If you continue to have problems, please try the <a href="https://wordpress.org/support/forums/">support forums</a>. (WordPress could not establish a secure connection to WordPress.org. Please contact your server administrator.) in /Users/user/Local Sites/ctrltech/app/public/wp-includes/update.php on line 730
[19-Feb-2024 14:30:40 UTC] PHP Warning:  Undefined property: WP_Error::$imageKey in /Users/user/Local Sites/ctrltech/app/public/wp-content/plugins/image-optimization/modules/optimization/classes/optimize-image.php on line 176
[19-Feb-2024 14:30:40 UTC] [Image Optimizer]: error in ImageOptimization\Modules\Optimization\Classes\Optimize_Image->send_file(): Image key must be ZLlzMRqIVcsu5bO, instead got 
[19-Feb-2024 14:30:40 UTC] [Image Optimizer]: error in ImageOptimization\Modules\Optimization\Components\Upload_Optimization->optimize_image_on_upload(): Optimization error. Reason: Service response is incorrect
[19-Feb-2024 14:40:20 UTC] PHP Warning:  Undefined property: WP_Error::$imageKey in /Users/user/Local Sites/ctrltech/app/public/wp-content/plugins/image-optimization/modules/optimization/classes/optimize-image.php on line 176
[19-Feb-2024 14:40:20 UTC] [Image Optimizer]: error in ImageOptimization\Modules\Optimization\Classes\Optimize_Image->send_file(): Image key must be 2WRr8MWIFroeiee, instead got 
[19-Feb-2024 14:40:20 UTC] [Image Optimizer]: error in ImageOptimization\Modules\Optimization\Components\Upload_Optimization->optimize_image_on_upload(): Optimization error. Reason: Service response is incorrect
[19-Feb-2024 14:40:21 UTC] PHP Warning:  Undefined property: WP_Error::$imageKey in /Users/user/Local Sites/ctrltech/app/public/wp-content/plugins/image-optimization/modules/optimization/classes/optimize-image.php on line 176
[19-Feb-2024 14:40:21 UTC] [Image Optimizer]: error in ImageOptimization\Modules\Optimization\Classes\Optimize_Image->send_file(): Image key must be 9PU3IG4F4uygLQE, instead got 
[19-Feb-2024 14:40:21 UTC] [Image Optimizer]: error in ImageOptimization\Modules\Optimization\Components\Upload_Optimization->optimize_image_on_upload(): Optimization error. Reason: Service response is incorrect
[19-Feb-2024 14:40:21 UTC] PHP Warning:  Undefined property: WP_Error::$imageKey in /Users/user/Local Sites/ctrltech/app/public/wp-content/plugins/image-optimization/modules/optimization/classes/optimize-image.php on line 176
[19-Feb-2024 14:40:21 UTC] [Image Optimizer]: error in ImageOptimization\Modules\Optimization\Classes\Optimize_Image->send_file(): Image key must be exsNKNlZXKTC0wV, instead got 
[19-Feb-2024 14:40:21 UTC] [Image Optimizer]: error in ImageOptimization\Modules\Optimization\Components\Upload_Optimization->optimize_image_on_upload(): Optimization error. Reason: Service response is incorrect
[19-Feb-2024 16:30:00 UTC] [Image Optimizer]: error in ImageOptimization\Modules\Optimization\Components\Upload_Optimization->optimize_image_on_upload(): Optimization error. Reason: Optimized image failed
[19-Feb-2024 18:57:02 UTC] PHP Warning:  Undefined property: WP_Error::$imageKey in /Users/user/Local Sites/ctrltech/app/public/wp-content/plugins/image-optimization/modules/optimization/classes/optimize-image.php on line 176
[19-Feb-2024 18:57:02 UTC] [Image Optimizer]: error in ImageOptimization\Modules\Optimization\Classes\Optimize_Image->send_file(): Image key must be S3fqMp469LVsSJp, instead got 
[19-Feb-2024 18:57:02 UTC] [Image Optimizer]: error in ImageOptimization\Modules\Optimization\Components\Upload_Optimization->optimize_image_on_upload(): Optimization error. Reason: Service response is incorrect
[19-Feb-2024 19:28:52 UTC] PHP Warning:  Trying to access array offset on value of type bool in /Users/user/Local Sites/ctrltech/app/public/wp-content/plugins/elementor/includes/managers/image.php on line 113
[19-Feb-2024 19:28:52 UTC] PHP Warning:  Trying to access array offset on value of type bool in /Users/user/Local Sites/ctrltech/app/public/wp-content/plugins/elementor/includes/managers/image.php on line 113
[19-Feb-2024 19:28:52 UTC] PHP Warning:  Trying to access array offset on value of type bool in /Users/user/Local Sites/ctrltech/app/public/wp-content/plugins/elementor/includes/managers/image.php on line 113
[19-Feb-2024 19:28:52 UTC] PHP Warning:  Trying to access array offset on value of type bool in /Users/user/Local Sites/ctrltech/app/public/wp-content/plugins/elementor/includes/managers/image.php on line 113
[19-Feb-2024 19:28:52 UTC] PHP Warning:  Trying to access array offset on value of type bool in /Users/user/Local Sites/ctrltech/app/public/wp-content/plugins/elementor/includes/managers/image.php on line 113
[19-Feb-2024 19:28:52 UTC] PHP Warning:  Trying to access array offset on value of type bool in /Users/user/Local Sites/ctrltech/app/public/wp-content/plugins/elementor/includes/managers/image.php on line 113
[19-Feb-2024 19:28:52 UTC] PHP Warning:  Trying to access array offset on value of type bool in /Users/user/Local Sites/ctrltech/app/public/wp-content/plugins/elementor/includes/managers/image.php on line 113
[19-Feb-2024 19:28:52 UTC] PHP Warning:  Trying to access array offset on value of type bool in /Users/user/Local Sites/ctrltech/app/public/wp-content/plugins/elementor/includes/managers/image.php on line 113
[19-Feb-2024 19:28:52 UTC] PHP Warning:  Trying to access array offset on value of type bool in /Users/user/Local Sites/ctrltech/app/public/wp-content/plugins/elementor/includes/managers/image.php on line 113
[19-Feb-2024 19:28:52 UTC] PHP Warning:  Trying to access array offset on value of type bool in /Users/user/Local Sites/ctrltech/app/public/wp-content/plugins/elementor/includes/managers/image.php on line 113
[19-Feb-2024 19:28:52 UTC] PHP Warning:  Trying to access array offset on value of type bool in /Users/user/Local Sites/ctrltech/app/public/wp-content/plugins/elementor/includes/managers/image.php on line 113
[19-Feb-2024 19:28:52 UTC] PHP Warning:  Trying to access array offset on value of type bool in /Users/user/Local Sites/ctrltech/app/public/wp-content/plugins/elementor/includes/managers/image.php on line 113
[19-Feb-2024 19:28:52 UTC] PHP Warning:  Trying to access array offset on value of type bool in /Users/user/Local Sites/ctrltech/app/public/wp-content/plugins/elementor/includes/managers/image.php on line 113
[19-Feb-2024 19:28:52 UTC] PHP Warning:  Trying to access array offset on value of type bool in /Users/user/Local Sites/ctrltech/app/public/wp-content/plugins/elementor/includes/managers/image.php on line 113
[19-Feb-2024 19:28:52 UTC] PHP Warning:  Trying to access array offset on value of type bool in /Users/user/Local Sites/ctrltech/app/public/wp-content/plugins/elementor/includes/managers/image.php on line 113
[19-Feb-2024 19:28:52 UTC] PHP Warning:  Trying to access array offset on value of type bool in /Users/user/Local Sites/ctrltech/app/public/wp-content/plugins/elementor/includes/managers/image.php on line 113
[19-Feb-2024 19:51:37 UTC] PHP Warning:  Undefined property: WP_Error::$imageKey in /Users/user/Local Sites/ctrltech/app/public/wp-content/plugins/image-optimization/modules/optimization/classes/optimize-image.php on line 176
[19-Feb-2024 19:51:37 UTC] [Image Optimizer]: error in ImageOptimization\Modules\Optimization\Classes\Optimize_Image->send_file(): Image key must be JMFmbi1ZbgakgWM, instead got 
[19-Feb-2024 19:51:37 UTC] [Image Optimizer]: error in ImageOptimization\Modules\Optimization\Components\Upload_Optimization->optimize_image_on_upload(): Optimization error. Reason: Service response is incorrect
[19-Feb-2024 20:14:18 UTC] PHP Warning:  Undefined property: WP_Error::$imageKey in /Users/user/Local Sites/ctrltech/app/public/wp-content/plugins/image-optimization/modules/optimization/classes/optimize-image.php on line 176
[19-Feb-2024 20:14:18 UTC] [Image Optimizer]: error in ImageOptimization\Modules\Optimization\Classes\Optimize_Image->send_file(): Image key must be 5AhHuDvvko029tv, instead got 
[19-Feb-2024 20:14:18 UTC] [Image Optimizer]: error in ImageOptimization\Modules\Optimization\Components\Upload_Optimization->optimize_image_on_upload(): Optimization error. Reason: Service response is incorrect
[20-Feb-2024 15:45:27 UTC] PHP Warning:  Undefined property: WP_Error::$imageKey in /Users/user/Local Sites/ctrltech/app/public/wp-content/plugins/image-optimization/modules/optimization/classes/optimize-image.php on line 176
[20-Feb-2024 15:45:27 UTC] [Image Optimizer]: error in ImageOptimization\Modules\Optimization\Classes\Optimize_Image->send_file(): Image key must be CN0WiQ21NitI2HV, instead got 
[20-Feb-2024 15:45:27 UTC] [Image Optimizer]: error in ImageOptimization\Modules\Optimization\Components\Upload_Optimization->optimize_image_on_upload(): Optimization error. Reason: Service response is incorrect
[20-Feb-2024 15:45:28 UTC] PHP Warning:  Undefined property: WP_Error::$imageKey in /Users/user/Local Sites/ctrltech/app/public/wp-content/plugins/image-optimization/modules/optimization/classes/optimize-image.php on line 176
[20-Feb-2024 15:45:28 UTC] [Image Optimizer]: error in ImageOptimization\Modules\Optimization\Classes\Optimize_Image->send_file(): Image key must be zCqkpLRaZreyXnL, instead got 
[20-Feb-2024 15:45:28 UTC] [Image Optimizer]: error in ImageOptimization\Modules\Optimization\Components\Upload_Optimization->optimize_image_on_upload(): Optimization error. Reason: Service response is incorrect
[20-Feb-2024 15:45:28 UTC] PHP Warning:  Undefined property: WP_Error::$imageKey in /Users/user/Local Sites/ctrltech/app/public/wp-content/plugins/image-optimization/modules/optimization/classes/optimize-image.php on line 176
[20-Feb-2024 15:45:28 UTC] [Image Optimizer]: error in ImageOptimization\Modules\Optimization\Classes\Optimize_Image->send_file(): Image key must be nFZqxYqowvxf9k7, instead got 
[20-Feb-2024 15:45:28 UTC] [Image Optimizer]: error in ImageOptimization\Modules\Optimization\Components\Upload_Optimization->optimize_image_on_upload(): Optimization error. Reason: Service response is incorrect
[28-Feb-2024 20:17:36 UTC] [Image Optimizer]: error in ImageOptimization\Modules\Optimization\Components\Upload_Optimization->optimize_image_on_upload(): Optimization error. Reason: Optimized image failed
[29-Feb-2024 19:49:39 UTC] [Image Optimizer]: error in ImageOptimization\Modules\Optimization\Components\Upload_Optimization->optimize_image_on_upload(): Optimization error. Reason: Invalid WP image meta
[01-Mar-2024 20:17:39 UTC] PHP Warning:  unlink(raio.png): No such file or directory in /Users/user/Local Sites/ctrltech/app/public/wp-content/plugins/pro-elements/modules/assets-manager/asset-types/icons/custom-icons.php on line 199
[01-Mar-2024 20:20:20 UTC] PHP Warning:  Undefined property: WP_Error::$imageKey in /Users/user/Local Sites/ctrltech/app/public/wp-content/plugins/image-optimization/modules/optimization/classes/optimize-image.php on line 176
[01-Mar-2024 20:20:20 UTC] [Image Optimizer]: error in ImageOptimization\Modules\Optimization\Classes\Optimize_Image->send_file(): Image key must be pW0uUgTMASUF4Vo, instead got 
[01-Mar-2024 20:20:20 UTC] [Image Optimizer]: error in ImageOptimization\Modules\Optimization\Components\Upload_Optimization->optimize_image_on_upload(): Optimization error. Reason: Service response is incorrect
[01-Mar-2024 20:20:27 UTC] PHP Warning:  unlink(lightning-svgrepo-com.svg): No such file or directory in /Users/user/Local Sites/ctrltech/app/public/wp-content/plugins/pro-elements/modules/assets-manager/asset-types/icons/custom-icons.php on line 199
[01-Mar-2024 21:09:23 UTC] PHP Warning:  Undefined property: WP_Error::$imageKey in /Users/user/Local Sites/ctrltech/app/public/wp-content/plugins/image-optimization/modules/optimization/classes/optimize-image.php on line 176
[01-Mar-2024 21:09:23 UTC] [Image Optimizer]: error in ImageOptimization\Modules\Optimization\Classes\Optimize_Image->send_file(): Image key must be qP9QkAoxDKGOGcO, instead got 
[01-Mar-2024 21:09:23 UTC] [Image Optimizer]: error in ImageOptimization\Modules\Optimization\Components\Upload_Optimization->optimize_image_on_upload(): Optimization error. Reason: Service response is incorrect
[01-Mar-2024 21:11:09 UTC] PHP Warning:  Undefined property: WP_Error::$imageKey in /Users/user/Local Sites/ctrltech/app/public/wp-content/plugins/image-optimization/modules/optimization/classes/optimize-image.php on line 176
[01-Mar-2024 21:11:09 UTC] [Image Optimizer]: error in ImageOptimization\Modules\Optimization\Classes\Optimize_Image->send_file(): Image key must be XZG8vGaRsHS9n0A, instead got 
[01-Mar-2024 21:11:09 UTC] [Image Optimizer]: error in ImageOptimization\Modules\Optimization\Components\Upload_Optimization->optimize_image_on_upload(): Optimization error. Reason: Service response is incorrect
[01-Mar-2024 21:56:36 UTC] PHP Warning:  Trying to access array offset on value of type bool in /Users/user/Local Sites/ctrltech/app/public/wp-admin/includes/ajax-actions.php on line 4659
