[02-Feb-2024 11:23:08] NOTICE: fpm is running, pid 991
[02-Feb-2024 11:23:08] NOTICE: ready to handle connections
[08-Feb-2024 21:07:13] NOTICE: Terminating ...
[08-Feb-2024 21:07:14] NOTICE: Terminating ...
[08-Feb-2024 21:07:14] NOTICE: exiting, bye-bye!
[15-Feb-2024 18:41:36] NOTICE: fpm is running, pid 6643
[15-Feb-2024 18:41:36] NOTICE: ready to handle connections
[16-Feb-2024 01:01:46] NOTICE: Terminating ...
[16-Feb-2024 01:01:46] NOTICE: Terminating ...
[16-Feb-2024 01:01:46] NOTICE: exiting, bye-bye!
[16-Feb-2024 13:17:18] NOTICE: fpm is running, pid 1186
[16-Feb-2024 13:17:18] NOTICE: ready to handle connections
[19-Feb-2024 10:00:57] NOTICE: fpm is running, pid 3002
[19-Feb-2024 10:00:57] NOTICE: ready to handle connections
[19-Feb-2024 22:59:16] NOTICE: Terminating ...
[19-Feb-2024 22:59:16] NOTICE: Terminating ...
[19-Feb-2024 22:59:16] NOTICE: exiting, bye-bye!
[20-Feb-2024 12:34:26] NOTICE: fpm is running, pid 861
[20-Feb-2024 12:34:26] NOTICE: ready to handle connections
[21-Feb-2024 13:14:39] NOTICE: Terminating ...
[21-Feb-2024 13:14:39] NOTICE: Terminating ...
[21-Feb-2024 13:14:39] NOTICE: exiting, bye-bye!
[22-Feb-2024 17:35:06] NOTICE: fpm is running, pid 5330
[22-Feb-2024 17:35:06] NOTICE: ready to handle connections
[27-Feb-2024 01:08:55] NOTICE: Terminating ...
[27-Feb-2024 01:08:55] NOTICE: Terminating ...
[27-Feb-2024 01:08:55] NOTICE: exiting, bye-bye!
[27-Feb-2024 15:12:11] NOTICE: fpm is running, pid 1625
[27-Feb-2024 15:12:11] NOTICE: ready to handle connections
[29-Feb-2024 20:23:05] NOTICE: Terminating ...
[29-Feb-2024 20:23:05] NOTICE: Terminating ...
[29-Feb-2024 20:23:05] NOTICE: exiting, bye-bye!
[29-Feb-2024 20:23:10] NOTICE: fpm is running, pid 21176
[29-Feb-2024 20:23:10] NOTICE: ready to handle connections
[01-Mar-2024 18:56:47] NOTICE: Terminating ...
[01-Mar-2024 18:56:47] NOTICE: Terminating ...
[01-Mar-2024 18:56:47] NOTICE: exiting, bye-bye!
[01-Mar-2024 18:56:51] NOTICE: fpm is running, pid 25365
[01-Mar-2024 18:56:51] NOTICE: ready to handle connections
[05-Mar-2024 01:09:13] NOTICE: Terminating ...
[05-Mar-2024 01:09:13] NOTICE: Terminating ...
[05-Mar-2024 01:09:13] NOTICE: exiting, bye-bye!
[05-Mar-2024 17:09:47] NOTICE: fpm is running, pid 5408
[05-Mar-2024 17:09:47] NOTICE: ready to handle connections
[22-Mar-2024 15:14:52] NOTICE: fpm is running, pid 21134
[22-Mar-2024 15:14:52] NOTICE: ready to handle connections
[25-Mar-2024 17:16:07] NOTICE: Terminating ...
[25-Mar-2024 17:16:07] NOTICE: Terminating ...
[25-Mar-2024 17:16:07] NOTICE: exiting, bye-bye!
[26-Mar-2024 00:18:28] NOTICE: fpm is running, pid 1953
[26-Mar-2024 00:18:28] NOTICE: ready to handle connections
